<?xml version="1.0" encoding="UTF-8"?>
<testng-results ignored="0" total="1" passed="0" failed="1" skipped="0">
  <reporter-output>
  </reporter-output>
  <suite started-at="2024-12-27T18:15:34 IST" name="Default suite" finished-at="2024-12-27T18:15:43 IST" duration-ms="9341">
    <groups>
    </groups>
    <test started-at="2024-12-27T18:15:34 IST" name="Default test" finished-at="2024-12-27T18:15:43 IST" duration-ms="9341">
      <class name="MobileGestures.AppPackageAppActivity">
        <test-method signature="appPackage()[pri:0, instance:MobileGestures.AppPackageAppActivity@2ddc9a9f]" started-at="2024-12-27T18:15:34 IST" name="appPackage" finished-at="2024-12-27T18:15:43 IST" duration-ms="9307" status="FAIL">
          <exception class="org.openqa.selenium.WebDriverException">
            <message>
              <![CDATA[An unknown server-side error occurred while processing the command. Original error: Error executing adbExec. Original error: 'Command '/Users/vamsisatya/Library/Android/sdk/platform-tools/adb -P 5037 -s emulator-5554 shell am start-activity 'io.appium.android.apis/io.appium.android.apis.preference.PreferenceDependencies}
'' exited with code 1'; Command output: Error type 3
Error: Activity class {io.appium.android.apis/io.appium.android.apis.preference.PreferenceDependencies}} does not exist.

Build info: version: '4.27.0', revision: 'd6e718d134'
System info: os.name: 'Mac OS X', os.arch: 'x86_64', os.version: '14.7.1', java.version: '21.0.4'
Driver info: io.appium.java_client.android.AndroidDriver
Command: [00ac782d-ebed-41f5-8632-fda6b68f5f1d, executeScript {args=[{intent=io.appium.android.apis/io.appium.android.apis.preference.PreferenceDependencies}
}], script=mobile:startActivity}]
Capabilities {appium:app: //Users//vamsisatya//eclips..., appium:appPackage: io.appium.android.apis, appium:automationName: UIAutomator2, appium:databaseEnabled: false, appium:desired: {app: //Users//vamsisatya//eclips..., automationName: UIAutomator2, deviceName: Vamsiphone, platformName: ANDROID}, appium:deviceApiLevel: 35, appium:deviceManufacturer: Google, appium:deviceModel: sdk_gphone64_x86_64, appium:deviceName: emulator-5554, appium:deviceScreenDensity: 480, appium:deviceScreenSize: 1280x2856, appium:deviceUDID: emulator-5554, appium:javascriptEnabled: true, appium:locationContextEnabled: false, appium:networkConnectionEnabled: true, appium:pixelRatio: 3, appium:platformVersion: 15, appium:statBarHeight: 156, appium:takesScreenshot: true, appium:viewportRect: {height: 2700, left: 0, top: 156, width: 1280}, appium:warnings: {}, appium:webStorageEnabled: false, platformName: ANDROID}
Session ID: 00ac782d-ebed-41f5-8632-fda6b68f5f1d]]>
            </message>
            <full-stacktrace>
              <![CDATA[org.openqa.selenium.WebDriverException: An unknown server-side error occurred while processing the command. Original error: Error executing adbExec. Original error: 'Command '/Users/vamsisatya/Library/Android/sdk/platform-tools/adb -P 5037 -s emulator-5554 shell am start-activity 'io.appium.android.apis/io.appium.android.apis.preference.PreferenceDependencies}
'' exited with code 1'; Command output: Error type 3
Error: Activity class {io.appium.android.apis/io.appium.android.apis.preference.PreferenceDependencies}} does not exist.

Build info: version: '4.27.0', revision: 'd6e718d134'
System info: os.name: 'Mac OS X', os.arch: 'x86_64', os.version: '14.7.1', java.version: '21.0.4'
Driver info: io.appium.java_client.android.AndroidDriver
Command: [00ac782d-ebed-41f5-8632-fda6b68f5f1d, executeScript {args=[{intent=io.appium.android.apis/io.appium.android.apis.preference.PreferenceDependencies}
}], script=mobile:startActivity}]
Capabilities {appium:app: //Users//vamsisatya//eclips..., appium:appPackage: io.appium.android.apis, appium:automationName: UIAutomator2, appium:databaseEnabled: false, appium:desired: {app: //Users//vamsisatya//eclips..., automationName: UIAutomator2, deviceName: Vamsiphone, platformName: ANDROID}, appium:deviceApiLevel: 35, appium:deviceManufacturer: Google, appium:deviceModel: sdk_gphone64_x86_64, appium:deviceName: emulator-5554, appium:deviceScreenDensity: 480, appium:deviceScreenSize: 1280x2856, appium:deviceUDID: emulator-5554, appium:javascriptEnabled: true, appium:locationContextEnabled: false, appium:networkConnectionEnabled: true, appium:pixelRatio: 3, appium:platformVersion: 15, appium:statBarHeight: 156, appium:takesScreenshot: true, appium:viewportRect: {height: 2700, left: 0, top: 156, width: 1280}, appium:warnings: {}, appium:webStorageEnabled: false, platformName: ANDROID}
Session ID: 00ac782d-ebed-41f5-8632-fda6b68f5f1d
at java.base/jdk.internal.reflect.DirectConstructorHandleAccessor.newInstance(DirectConstructorHandleAccessor.java:62)
at java.base/java.lang.reflect.Constructor.newInstanceWithCaller(Constructor.java:502)
at java.base/java.lang.reflect.Constructor.newInstance(Constructor.java:486)
at org.openqa.selenium.remote.ErrorCodec.decode(ErrorCodec.java:167)
at org.openqa.selenium.remote.codec.w3c.W3CHttpResponseCodec.decode(W3CHttpResponseCodec.java:138)
at org.openqa.selenium.remote.codec.w3c.W3CHttpResponseCodec.decode(W3CHttpResponseCodec.java:50)
at org.openqa.selenium.remote.HttpCommandExecutor.execute(HttpCommandExecutor.java:190)
at io.appium.java_client.remote.AppiumCommandExecutor.execute(AppiumCommandExecutor.java:237)
at org.openqa.selenium.remote.RemoteWebDriver.execute(RemoteWebDriver.java:545)
at org.openqa.selenium.remote.RemoteWebDriver.executeScript(RemoteWebDriver.java:476)
at MobileGestures.AppPackageAppActivity.appPackage(AppPackageAppActivity.java:30)
at java.base/jdk.internal.reflect.DirectMethodHandleAccessor.invoke(DirectMethodHandleAccessor.java:103)
at java.base/java.lang.reflect.Method.invoke(Method.java:580)
at org.testng.internal.invokers.MethodInvocationHelper.invokeMethod(MethodInvocationHelper.java:141)
at org.testng.internal.invokers.TestInvoker.invokeMethod(TestInvoker.java:686)
at org.testng.internal.invokers.TestInvoker.invokeTestMethod(TestInvoker.java:230)
at org.testng.internal.invokers.MethodRunner.runInSequence(MethodRunner.java:63)
at org.testng.internal.invokers.TestInvoker$MethodInvocationAgent.invoke(TestInvoker.java:992)
at org.testng.internal.invokers.TestInvoker.invokeTestMethods(TestInvoker.java:203)
at org.testng.internal.invokers.TestMethodWorker.invokeTestMethods(TestMethodWorker.java:154)
at org.testng.internal.invokers.TestMethodWorker.run(TestMethodWorker.java:134)
at java.base/java.util.ArrayList.forEach(ArrayList.java:1596)
at org.testng.TestRunner.privateRun(TestRunner.java:739)
at org.testng.TestRunner.run(TestRunner.java:614)
at org.testng.SuiteRunner.runTest(SuiteRunner.java:421)
at org.testng.SuiteRunner.runSequentially(SuiteRunner.java:413)
at org.testng.SuiteRunner.privateRun(SuiteRunner.java:373)
at org.testng.SuiteRunner.run(SuiteRunner.java:312)
at org.testng.SuiteRunnerWorker.runSuite(SuiteRunnerWorker.java:52)
at org.testng.SuiteRunnerWorker.run(SuiteRunnerWorker.java:95)
at org.testng.TestNG.runSuitesSequentially(TestNG.java:1274)
at org.testng.TestNG.runSuitesLocally(TestNG.java:1208)
at org.testng.TestNG.runSuites(TestNG.java:1112)
at org.testng.TestNG.run(TestNG.java:1079)
at org.testng.remote.AbstractRemoteTestNG.run(AbstractRemoteTestNG.java:115)
at org.testng.remote.RemoteTestNG.initAndRun(RemoteTestNG.java:293)
at org.testng.remote.RemoteTestNG.main(RemoteTestNG.java:91)
]]>
            </full-stacktrace>
          </exception> <!-- org.openqa.selenium.WebDriverException -->
          <reporter-output>
          </reporter-output>
        </test-method> <!-- appPackage -->
      </class> <!-- MobileGestures.AppPackageAppActivity -->
    </test> <!-- Default test -->
  </suite> <!-- Default suite -->
</testng-results>
